0 info it worked if it ends with ok
1 verbose cli [ '/usr/local/bin/node',
1 verbose cli   '/usr/local/bin/npm',
1 verbose cli   'install',
1 verbose cli   '-g',
1 verbose cli   'bower' ]
2 info using npm@3.10.3
3 info using node@v6.6.0
4 silly loadCurrentTree Starting
5 silly install loadCurrentTree
6 silly install readGlobalPackageData
7 silly fetchPackageMetaData bower
8 silly fetchNamedPackageData bower
9 silly mapToRegistry name bower
10 silly mapToRegistry using default registry
11 silly mapToRegistry registry https://registry.npmjs.org/
12 silly mapToRegistry data Result {
12 silly mapToRegistry   raw: 'bower',
12 silly mapToRegistry   scope: null,
12 silly mapToRegistry   escapedName: 'bower',
12 silly mapToRegistry   name: 'bower',
12 silly mapToRegistry   rawSpec: '',
12 silly mapToRegistry   spec: 'latest',
12 silly mapToRegistry   type: 'tag' }
13 silly mapToRegistry uri https://registry.npmjs.org/bower
14 verbose request uri https://registry.npmjs.org/bower
15 verbose request no auth needed
16 info attempt registry request try #1 at 22:21:53
17 verbose request id 049424f9c935c069
18 verbose etag "8IVDWHJRREN45CW9GXLV8Y5YA"
19 http request GET https://registry.npmjs.org/bower
20 http 200 https://registry.npmjs.org/bower
21 verbose headers { server: 'nginx/1.10.1',
21 verbose headers   'content-type': 'application/json',
21 verbose headers   'last-modified': 'Sat, 14 Jan 2017 06:43:12 GMT',
21 verbose headers   etag: 'W/"5879c880-2ad27"',
21 verbose headers   'content-encoding': 'gzip',
21 verbose headers   'cache-control': 'max-age=300',
21 verbose headers   'content-length': '16419',
21 verbose headers   'accept-ranges': 'bytes',
21 verbose headers   date: 'Tue, 17 Jan 2017 21:21:53 GMT',
21 verbose headers   via: '1.1 varnish',
21 verbose headers   age: '127',
21 verbose headers   connection: 'keep-alive',
21 verbose headers   'x-served-by': 'cache-hhn1529-HHN',
21 verbose headers   'x-cache': 'HIT',
21 verbose headers   'x-cache-hits': '3',
21 verbose headers   'x-timer': 'S1484688113.409839,VS0,VE0',
21 verbose headers   vary: 'Accept-Encoding' }
22 silly get cb [ 200,
22 silly get   { server: 'nginx/1.10.1',
22 silly get     'content-type': 'application/json',
22 silly get     'last-modified': 'Sat, 14 Jan 2017 06:43:12 GMT',
22 silly get     etag: 'W/"5879c880-2ad27"',
22 silly get     'content-encoding': 'gzip',
22 silly get     'cache-control': 'max-age=300',
22 silly get     'content-length': '16419',
22 silly get     'accept-ranges': 'bytes',
22 silly get     date: 'Tue, 17 Jan 2017 21:21:53 GMT',
22 silly get     via: '1.1 varnish',
22 silly get     age: '127',
22 silly get     connection: 'keep-alive',
22 silly get     'x-served-by': 'cache-hhn1529-HHN',
22 silly get     'x-cache': 'HIT',
22 silly get     'x-cache-hits': '3',
22 silly get     'x-timer': 'S1484688113.409839,VS0,VE0',
22 silly get     vary: 'Accept-Encoding' } ]
23 verbose get saving bower to /Users/martinez/.npm/registry.npmjs.org/bower/.cache.json
24 verbose correctMkdir /Users/martinez/.npm correctMkdir not in flight; initializing
25 silly install normalizeTree
26 silly loadCurrentTree Finishing
27 silly loadIdealTree Starting
28 silly install loadIdealTree
29 silly cloneCurrentTree Starting
30 silly install cloneCurrentTreeToIdealTree
31 silly cloneCurrentTree Finishing
32 silly loadShrinkwrap Starting
33 silly install loadShrinkwrap
34 silly loadShrinkwrap Finishing
35 silly loadAllDepsIntoIdealTree Starting
36 silly install loadAllDepsIntoIdealTree
37 silly resolveWithNewModule bower@1.8.0 checking installable status
38 silly cache add args [ 'bower', null ]
39 verbose cache add spec bower
40 silly cache add parsed spec Result {
40 silly cache add   raw: 'bower',
40 silly cache add   scope: null,
40 silly cache add   escapedName: 'bower',
40 silly cache add   name: 'bower',
40 silly cache add   rawSpec: '',
40 silly cache add   spec: 'latest',
40 silly cache add   type: 'tag' }
41 silly addNamed bower@latest
42 verbose addNamed "latest" is being treated as a dist-tag for bower
43 info addNameTag [ 'bower', 'latest' ]
44 silly mapToRegistry name bower
45 silly mapToRegistry using default registry
46 silly mapToRegistry registry https://registry.npmjs.org/
47 silly mapToRegistry data Result {
47 silly mapToRegistry   raw: 'bower',
47 silly mapToRegistry   scope: null,
47 silly mapToRegistry   escapedName: 'bower',
47 silly mapToRegistry   name: 'bower',
47 silly mapToRegistry   rawSpec: '',
47 silly mapToRegistry   spec: 'latest',
47 silly mapToRegistry   type: 'tag' }
48 silly mapToRegistry uri https://registry.npmjs.org/bower
49 verbose addNameTag registry:https://registry.npmjs.org/bower not in flight; fetching
50 verbose get https://registry.npmjs.org/bower not expired, no request
51 silly addNameTag next cb for bower with tag latest
52 silly addNamed bower@1.8.0
53 verbose addNamed "1.8.0" is a plain semver version for bower
54 silly mapToRegistry name bower
55 silly mapToRegistry using default registry
56 silly mapToRegistry registry https://registry.npmjs.org/
57 silly mapToRegistry data Result {
57 silly mapToRegistry   raw: 'bower',
57 silly mapToRegistry   scope: null,
57 silly mapToRegistry   escapedName: 'bower',
57 silly mapToRegistry   name: 'bower',
57 silly mapToRegistry   rawSpec: '',
57 silly mapToRegistry   spec: 'latest',
57 silly mapToRegistry   type: 'tag' }
58 silly mapToRegistry uri https://registry.npmjs.org/bower
59 verbose addRemoteTarball https://registry.npmjs.org/bower/-/bower-1.8.0.tgz not in flight; adding
60 verbose addRemoteTarball [ 'https://registry.npmjs.org/bower/-/bower-1.8.0.tgz',
60 verbose addRemoteTarball   '55dbebef0ad9155382d9e9d3e497c1372345b44a' ]
61 info retry fetch attempt 1 at 22:21:53
62 info attempt registry request try #1 at 22:21:53
63 http fetch GET https://registry.npmjs.org/bower/-/bower-1.8.0.tgz
64 http fetch 200 https://registry.npmjs.org/bower/-/bower-1.8.0.tgz
65 silly fetchAndShaCheck shasum 55dbebef0ad9155382d9e9d3e497c1372345b44a
66 verbose addTmpTarball /var/folders/8g/wknq8d9n3sx45nryqvn0gz1c0000gn/T/npm-1188-18ac8083/registry.npmjs.org/bower/-/bower-1.8.0.tgz not in flight; adding
67 verbose addTmpTarball already have metadata; skipping unpack for bower@1.8.0
68 verbose correctMkdir /Users/martinez/.npm correctMkdir not in flight; initializing
69 silly cache afterAdd bower@1.8.0
70 verbose afterAdd /Users/martinez/.npm/bower/1.8.0/package/package.json not in flight; writing
71 verbose correctMkdir /Users/martinez/.npm correctMkdir not in flight; initializing
72 verbose afterAdd /Users/martinez/.npm/bower/1.8.0/package/package.json written
73 silly loadAllDepsIntoIdealTree Finishing
74 silly loadIdealTree Finishing
75 silly currentTree lib
76 silly idealTree lib
76 silly idealTree └── bower@1.8.0
77 silly generateActionsToTake Starting
78 silly install generateActionsToTake
79 silly generateActionsToTake Finishing
80 silly diffTrees action count 1
81 silly diffTrees add bower@1.8.0
82 silly decomposeActions action count 8
83 silly decomposeActions fetch bower@1.8.0
84 silly decomposeActions extract bower@1.8.0
85 silly decomposeActions test bower@1.8.0
86 silly decomposeActions preinstall bower@1.8.0
87 silly decomposeActions build bower@1.8.0
88 silly decomposeActions install bower@1.8.0
89 silly decomposeActions postinstall bower@1.8.0
90 silly decomposeActions finalize bower@1.8.0
91 silly executeActions Starting
92 silly install executeActions
93 silly doSerial global-install 0
94 silly doParallel fetch 1
95 verbose correctMkdir /Users/martinez/.npm/_locks correctMkdir not in flight; initializing
96 verbose lock using /Users/martinez/.npm/_locks/staging-3a08f0df5026584d.lock for /usr/local/lib/node_modules/.staging
97 verbose unlock done using /Users/martinez/.npm/_locks/staging-3a08f0df5026584d.lock for /usr/local/lib/node_modules/.staging
98 silly rollbackFailedOptional Starting
99 silly rollbackFailedOptional Finishing
100 silly runTopLevelLifecycles Starting
101 silly runTopLevelLifecycles Finishing
102 silly install printInstalled
103 verbose stack Error: EACCES: permission denied, rmdir '/usr/local/lib/node_modules/.staging/n-3eb27508'
103 verbose stack     at Error (native)
104 verbose cwd /Users/martinez/SB-1.0
105 error Darwin 15.6.0
106 error argv "/usr/local/bin/node" "/usr/local/bin/npm" "install" "-g" "bower"
107 error node v6.6.0
108 error npm  v3.10.3
109 error path /usr/local/lib/node_modules/.staging/n-3eb27508
110 error code EACCES
111 error errno -13
112 error syscall rmdir
113 error Error: EACCES: permission denied, rmdir '/usr/local/lib/node_modules/.staging/n-3eb27508'
113 error     at Error (native)
113 error  { Error: EACCES: permission denied, rmdir '/usr/local/lib/node_modules/.staging/n-3eb27508'
113 error     at Error (native)
113 error   errno: -13,
113 error   code: 'EACCES',
113 error   syscall: 'rmdir',
113 error   path: '/usr/local/lib/node_modules/.staging/n-3eb27508' }
114 error Please try running this command again as root/Administrator.
115 verbose exit [ -13, true ]
